<?xml version="1.0" encoding="UTF-8"?>
<testng-results ignored="0" total="3" passed="2" failed="1" skipped="0">
  <reporter-output>
  </reporter-output>
  <suite started-at="2023-10-06T09:54:27 IST" name="Default suite" finished-at="2023-10-06T09:56:21 IST" duration-ms="114200">
    <groups>
    </groups>
    <test started-at="2023-10-06T09:54:27 IST" name="Default test" finished-at="2023-10-06T09:56:21 IST" duration-ms="114200">
      <class name="demoTestScripts.CreateAppointmentAndJoinCall">
        <test-method is-config="true" signature="setup()[pri:0, instance:demoTestScripts.CreateAppointmentAndJoinCall@38102d01]" started-at="2023-10-06T09:54:27 IST" name="setup" finished-at="2023-10-06T09:54:31 IST" duration-ms="4532" status="PASS">
          <reporter-output>
          </reporter-output>
        </test-method> <!-- setup -->
        <test-method signature="LoginMyCLNQ()[pri:1, instance:demoTestScripts.CreateAppointmentAndJoinCall@38102d01]" started-at="2023-10-06T09:54:31 IST" name="LoginMyCLNQ" finished-at="2023-10-06T09:54:40 IST" duration-ms="9129" status="PASS">
          <reporter-output>
          </reporter-output>
        </test-method> <!-- LoginMyCLNQ -->
        <test-method signature="CreateAppointmentPage()[pri:2, instance:demoTestScripts.CreateAppointmentAndJoinCall@38102d01]" started-at="2023-10-06T09:54:40 IST" name="CreateAppointmentPage" finished-at="2023-10-06T09:56:19 IST" duration-ms="98478" status="PASS">
          <reporter-output>
          </reporter-output>
        </test-method> <!-- CreateAppointmentPage -->
        <test-method signature="LogoutFlow()[pri:3, instance:demoTestScripts.CreateAppointmentAndJoinCall@38102d01]" started-at="2023-10-06T09:56:19 IST" name="LogoutFlow" finished-at="2023-10-06T09:56:21 IST" duration-ms="2022" status="FAIL">
          <exception class="java.lang.IllegalArgumentException">
            <message>
              <![CDATA[Driver must be set]]>
            </message>
            <full-stacktrace>
              <![CDATA[java.lang.IllegalArgumentException: Driver must be set
at org.openqa.selenium.internal.Require.nonNull(Require.java:60)
at org.openqa.selenium.interactions.Actions.<init>(Actions.java:59)
at objectRepositoryDemo.LogoutPageFlow.ClickLogoutPage(LogoutPageFlow.java:37)
at demoTestScripts.CreateAppointmentAndJoinCall.LogoutFlow(CreateAppointmentAndJoinCall.java:64)
at java.base/jdk.internal.reflect.DirectMethodHandleAccessor.invoke(DirectMethodHandleAccessor.java:104)
at java.base/java.lang.reflect.Method.invoke(Method.java:578)
at org.testng.internal.invokers.MethodInvocationHelper.invokeMethod(MethodInvocationHelper.java:139)
at org.testng.internal.invokers.TestInvoker.invokeMethod(TestInvoker.java:664)
at org.testng.internal.invokers.TestInvoker.invokeTestMethod(TestInvoker.java:227)
at org.testng.internal.invokers.MethodRunner.runInSequence(MethodRunner.java:50)
at org.testng.internal.invokers.TestInvoker$MethodInvocationAgent.invoke(TestInvoker.java:957)
at org.testng.internal.invokers.TestInvoker.invokeTestMethods(TestInvoker.java:200)
at org.testng.internal.invokers.TestMethodWorker.invokeTestMethods(TestMethodWorker.java:148)
at org.testng.internal.invokers.TestMethodWorker.run(TestMethodWorker.java:128)
at java.base/java.util.ArrayList.forEach(ArrayList.java:1511)
at org.testng.TestRunner.privateRun(TestRunner.java:848)
at org.testng.TestRunner.run(TestRunner.java:621)
at org.testng.SuiteRunner.runTest(SuiteRunner.java:443)
at org.testng.SuiteRunner.runSequentially(SuiteRunner.java:437)
at org.testng.SuiteRunner.privateRun(SuiteRunner.java:397)
at org.testng.SuiteRunner.run(SuiteRunner.java:336)
at org.testng.SuiteRunnerWorker.runSuite(SuiteRunnerWorker.java:52)
at org.testng.SuiteRunnerWorker.run(SuiteRunnerWorker.java:95)
at org.testng.TestNG.runSuitesSequentially(TestNG.java:1280)
at org.testng.TestNG.runSuitesLocally(TestNG.java:1200)
at org.testng.TestNG.runSuites(TestNG.java:1114)
at org.testng.TestNG.run(TestNG.java:1082)
at org.testng.remote.AbstractRemoteTestNG.run(AbstractRemoteTestNG.java:115)
at org.testng.remote.RemoteTestNG.initAndRun(RemoteTestNG.java:251)
at org.testng.remote.RemoteTestNG.main(RemoteTestNG.java:77)
]]>
            </full-stacktrace>
          </exception> <!-- java.lang.IllegalArgumentException -->
          <reporter-output>
          </reporter-output>
        </test-method> <!-- LogoutFlow -->
      </class> <!-- demoTestScripts.CreateAppointmentAndJoinCall -->
    </test> <!-- Default test -->
  </suite> <!-- Default suite -->
</testng-results>
